C51 COMPILER V9.52.0.0   LCD_INIT                                                          09/03/2021 10:01:29 PAGE 1   


C51 COMPILER V9.52.0.0, COMPILATION OF MODULE LCD_INIT
OBJECT MODULE PLACED IN lcd_init.obj
COMPILER INVOKED BY: C:\Keil_v4\C51\BIN\C51.EXE SRC\LCD\lcd_init.c LARGE BROWSE INCDIR(.\SRC\LED;.\SRC\LCD) DEBUG OBJECT
                    -EXTEND PRINT(.\lcd_init.lst) TABS(2) OBJECT(lcd_init.obj)

line level    source

   1          #include "lcd_init.h"
   2          
   3          //不准确延时函数
   4          void delay_ms(unsigned int ms)
   5          {                         
   6   1        unsigned int a;
   7   1        while(ms)
   8   1        {
   9   2          a=1800;
  10   2          while(a--);
  11   2          ms--;
  12   2        }
  13   1      }
  14          
  15          
  16          /******************************************************************************
  17                函数说明：LCD串行数据写入函数
  18                入口数据：dat  要写入的串行数据
  19                返回值：  无
  20          ******************************************************************************/
  21          void LCD_Writ_Bus(u8 dat) 
  22          { 
  23   1        u8 i;
  24   1        LCD_CS_Clr();
  25   1        for(i=0;i<8;i++)
  26   1        {       
  27   2          LCD_SCLK_Clr();
  28   2          if(dat&0x80)
  29   2          {
  30   3             LCD_MOSI_Set();
  31   3          }
  32   2          else
  33   2          {
  34   3             LCD_MOSI_Clr();
  35   3          }
  36   2          LCD_SCLK_Set();
  37   2          dat<<=1;
  38   2        } 
  39   1        LCD_CS_Set(); 
  40   1      }
  41          
  42          
  43          /******************************************************************************
  44                函数说明：LCD写入数据
  45                入口数据：dat 写入的数据
  46                返回值：  无
  47          ******************************************************************************/
  48          void LCD_WR_DATA8(u8 dat)
  49          {
  50   1        LCD_Writ_Bus(dat);
  51   1      }
  52          
  53          
  54          /******************************************************************************
C51 COMPILER V9.52.0.0   LCD_INIT                                                          09/03/2021 10:01:29 PAGE 2   

  55                函数说明：LCD写入数据
  56                入口数据：dat 写入的数据
  57                返回值：  无
  58          ******************************************************************************/
  59          void LCD_WR_DATA(u16 dat)
  60          {
  61   1        LCD_Writ_Bus(dat>>8);
  62   1        LCD_Writ_Bus(dat);
  63   1      }
  64          
  65          
  66          /******************************************************************************
  67                函数说明：LCD写入命令
  68                入口数据：dat 写入的命令
  69                返回值：  无
  70          ******************************************************************************/
  71          void LCD_WR_REG(u8 dat)
  72          {
  73   1        LCD_DC_Clr();//写命令
  74   1        LCD_Writ_Bus(dat);
  75   1        LCD_DC_Set();//写数据
  76   1      }
  77          
  78          
  79          /******************************************************************************
  80                函数说明：设置起始和结束地址
  81                入口数据：x1,x2 设置列的起始和结束地址
  82                          y1,y2 设置行的起始和结束地址
  83                返回值：  无
  84          ******************************************************************************/
  85          void LCD_Address_Set(u16 x1,u16 y1,u16 x2,u16 y2)
  86          {
  87   1        if(USE_HORIZONTAL==0)
  88   1        {
  89   2          LCD_WR_REG(0x2a);//列地址设置
  90   2          LCD_WR_DATA(x1+35);
  91   2          LCD_WR_DATA(x2+35);
  92   2          LCD_WR_REG(0x2b);//行地址设置
  93   2          LCD_WR_DATA(y1);
  94   2          LCD_WR_DATA(y2);
  95   2          LCD_WR_REG(0x2c);//储存器写
  96   2        }
  97   1        else if(USE_HORIZONTAL==1)
  98   1        {
  99   2          LCD_WR_REG(0x2a);//列地址设置
 100   2          LCD_WR_DATA(x1+35);
 101   2          LCD_WR_DATA(x2+35);
 102   2          LCD_WR_REG(0x2b);//行地址设置
 103   2          LCD_WR_DATA(y1);
 104   2          LCD_WR_DATA(y2);
 105   2          LCD_WR_REG(0x2c);//储存器写
 106   2        }
 107   1        else if(USE_HORIZONTAL==2)
 108   1        {
 109   2          LCD_WR_REG(0x2a);//列地址设置
 110   2          LCD_WR_DATA(x1);
 111   2          LCD_WR_DATA(x2);
 112   2          LCD_WR_REG(0x2b);//行地址设置
 113   2          LCD_WR_DATA(y1+35);
 114   2          LCD_WR_DATA(y2+35);
 115   2          LCD_WR_REG(0x2c);//储存器写
 116   2        }
C51 COMPILER V9.52.0.0   LCD_INIT                                                          09/03/2021 10:01:29 PAGE 3   

 117   1        else
 118   1        {
 119   2          LCD_WR_REG(0x2a);//列地址设置
 120   2          LCD_WR_DATA(x1);
 121   2          LCD_WR_DATA(x2);
 122   2          LCD_WR_REG(0x2b);//行地址设置
 123   2          LCD_WR_DATA(y1+35);
 124   2          LCD_WR_DATA(y2+35);
 125   2          LCD_WR_REG(0x2c);//储存器写
 126   2        }
 127   1      }
 128          /******************************************************************************
 129                函数说明：LCD初始化函数
 130                入口数据：无
 131                返回值：  无
 132          ******************************************************************************/
 133          void LCD_Init(void)
 134          {
 135   1        LCD_RES_Clr();//复位
 136   1        delay_ms(30);
 137   1        LCD_RES_Set();
 138   1        delay_ms(100);
 139   1        LCD_BLK_Set();//打开背光
 140   1        delay_ms(100);
 141   1      //  
 142   1        LCD_WR_REG(0x11); 
 143   1      //  delay_ms(120); 
 144   1        LCD_WR_REG(0x36); 
 145   1        if(USE_HORIZONTAL==0)LCD_WR_DATA8(0x00);
 146   1        else if(USE_HORIZONTAL==1)LCD_WR_DATA8(0xC0);
 147   1        else if(USE_HORIZONTAL==2)LCD_WR_DATA8(0x70);
 148   1        else LCD_WR_DATA8(0xA0);
 149   1      
 150   1        LCD_WR_REG(0x3A);
 151   1        LCD_WR_DATA8(0x05);
 152   1      
 153   1        LCD_WR_REG(0xB2);
 154   1        LCD_WR_DATA8(0x0C);
 155   1        LCD_WR_DATA8(0x0C);
 156   1        LCD_WR_DATA8(0x00);
 157   1        LCD_WR_DATA8(0x33);
 158   1        LCD_WR_DATA8(0x33); 
 159   1      
 160   1        LCD_WR_REG(0xB7); 
 161   1        LCD_WR_DATA8(0x35);  
 162   1      
 163   1        LCD_WR_REG(0xBB);
 164   1        LCD_WR_DATA8(0x1A);
 165   1      
 166   1        LCD_WR_REG(0xC0);
 167   1        LCD_WR_DATA8(0x2C);
 168   1      
 169   1        LCD_WR_REG(0xC2);
 170   1        LCD_WR_DATA8(0x01);
 171   1      
 172   1        LCD_WR_REG(0xC3);
 173   1        LCD_WR_DATA8(0x0B);   
 174   1      
 175   1        LCD_WR_REG(0xC4);
 176   1        LCD_WR_DATA8(0x20);  
 177   1      
 178   1        LCD_WR_REG(0xC6); 
C51 COMPILER V9.52.0.0   LCD_INIT                                                          09/03/2021 10:01:29 PAGE 4   

 179   1        LCD_WR_DATA8(0x0F);    
 180   1      
 181   1        LCD_WR_REG(0xD0); 
 182   1        LCD_WR_DATA8(0xA4);
 183   1        LCD_WR_DATA8(0xA1);
 184   1      
 185   1        LCD_WR_REG(0x21); 
 186   1        LCD_WR_REG(0xE0);
 187   1        LCD_WR_DATA8(0xF0);
 188   1        LCD_WR_DATA8(0x00);
 189   1        LCD_WR_DATA8(0x04);
 190   1        LCD_WR_DATA8(0x04);
 191   1        LCD_WR_DATA8(0x04);
 192   1        LCD_WR_DATA8(0x05);
 193   1        LCD_WR_DATA8(0x29);
 194   1        LCD_WR_DATA8(0x33);
 195   1        LCD_WR_DATA8(0x3E);
 196   1        LCD_WR_DATA8(0x38);
 197   1        LCD_WR_DATA8(0x12);
 198   1        LCD_WR_DATA8(0x12);
 199   1        LCD_WR_DATA8(0x28);
 200   1        LCD_WR_DATA8(0x30);
 201   1      
 202   1        LCD_WR_REG(0xE1);
 203   1        LCD_WR_DATA8(0xF0);
 204   1        LCD_WR_DATA8(0x07);
 205   1        LCD_WR_DATA8(0x0A);
 206   1        LCD_WR_DATA8(0x0D);
 207   1        LCD_WR_DATA8(0x0B);
 208   1        LCD_WR_DATA8(0x07);
 209   1        LCD_WR_DATA8(0x28);
 210   1        LCD_WR_DATA8(0x33);
 211   1        LCD_WR_DATA8(0x3E);
 212   1        LCD_WR_DATA8(0x36);
 213   1        LCD_WR_DATA8(0x14);
 214   1        LCD_WR_DATA8(0x14);
 215   1        LCD_WR_DATA8(0x29);
 216   1        LCD_WR_DATA8(0x32);
 217   1        
 218   1      
 219   1      
 220   1        
 221   1        LCD_WR_REG(0x11);
 222   1        delay_ms(120);  
 223   1        LCD_WR_REG(0x29); 
 224   1      }
*** WARNING C294 IN LINE 89 OF SRC\LCD\lcd_init.c: unreachable code
*** WARNING C294 IN LINE 99 OF SRC\LCD\lcd_init.c: unreachable code
*** WARNING C294 IN LINE 119 OF SRC\LCD\lcd_init.c: unreachable code
*** WARNING C294 IN LINE 148 OF SRC\LCD\lcd_init.c: unreachable code


MODULE INFORMATION:   STATIC OVERLAYABLE
   CODE SIZE        =    485    ----
   CONSTANT SIZE    =   ----    ----
   XDATA SIZE       =   ----       8
   PDATA SIZE       =   ----    ----
   DATA SIZE        =   ----    ----
   IDATA SIZE       =   ----    ----
   BIT SIZE         =   ----    ----
END OF MODULE INFORMATION.


C51 COMPILATION COMPLETE.  4 WARNING(S),  0 ERROR(S)
